<?xml version="1.0" encoding="UTF-8"?>
<!-- Generated by org.testng.reporters.JUnitReportReporter -->
<testsuite hostname="SAGAR" failures="0" tests="4" name="TestLayer.RegisterPageTest" time="1.424" errors="0" timestamp="2023-07-22T00:09:48 IST" skipped="0">
  <testcase classname="TestLayer.RegisterPageTest" name="validateGeneralDetailFunctionality" time="1.029"/>
  <system-out/>
  <testcase classname="TestLayer.RegisterPageTest" name="validateChooseAnswerFunctionality" time="0.147"/>
  <system-out/>
  <testcase classname="TestLayer.RegisterPageTest" name="validateUserTypeFunctionality" time="0.039"/>
  <system-out/>
  <testcase classname="TestLayer.RegisterPageTest" name="validateChooseIdPasswordFunctionality" time="0.209"/>
  <system-out/>
</testsuite> <!-- TestLayer.RegisterPageTest -->
